<?xml version="1.0" encoding="UTF-8"?>
<testsuite xmlns:xsi="http://www.w3.org/2001/XMLSchema-instance" xsi:noNamespaceSchemaLocation="https://maven.apache.org/surefire/maven-surefire-plugin/xsd/surefire-test-report.xsd" name="io.github.jonathanlink.PDFLayoutTextStripperTest" time="1.812" tests="3" errors="0" skipped="0" failures="0">
  <properties>
    <property name="java.specification.version" value="17"/>
    <property name="sun.cpu.isalist" value="amd64"/>
    <property name="sun.jnu.encoding" value="Cp1252"/>
    <property name="java.class.path" value="C:\Users\ual-laptop\Desktop\Summer work\PDF_Fork\PDFLayoutTextStripper\target\test-classes;C:\Users\ual-laptop\Desktop\Summer work\PDF_Fork\PDFLayoutTextStripper\target\classes;C:\Users\ual-laptop\.m2\repository\org\apache\pdfbox\pdfbox\2.0.24\pdfbox-2.0.24.jar;C:\Users\ual-laptop\.m2\repository\org\apache\pdfbox\fontbox\2.0.24\fontbox-2.0.24.jar;C:\Users\ual-laptop\.m2\repository\commons-logging\commons-logging\1.2\commons-logging-1.2.jar;C:\Users\ual-laptop\.m2\repository\org\apache\maven\plugins\maven-release-plugin\3.0.0-M4\maven-release-plugin-3.0.0-M4.jar;C:\Users\ual-laptop\.m2\repository\org\apache\maven\maven-plugin-api\3.0\maven-plugin-api-3.0.jar;C:\Users\ual-laptop\.m2\repository\org\apache\maven\maven-artifact\3.0\maven-artifact-3.0.jar;C:\Users\ual-laptop\.m2\repository\org\sonatype\sisu\sisu-inject-plexus\1.4.2\sisu-inject-plexus-1.4.2.jar;C:\Users\ual-laptop\.m2\repository\org\sonatype\sisu\sisu-inject-bean\1.4.2\sisu-inject-bean-1.4.2.jar;C:\Users\ual-laptop\.m2\repository\org\sonatype\sisu\sisu-guice\2.1.7\sisu-guice-2.1.7-noaop.jar;C:\Users\ual-laptop\.m2\repository\org\apache\maven\release\maven-release-manager\3.0.0-M4\maven-release-manager-3.0.0-M4.jar;C:\Users\ual-laptop\.m2\repository\org\apache\maven\release\maven-release-api\3.0.0-M4\maven-release-api-3.0.0-M4.jar;C:\Users\ual-laptop\.m2\repository\org\codehaus\plexus\plexus-interactivity-api\1.0-alpha-6\plexus-interactivity-api-1.0-alpha-6.jar;C:\Users\ual-laptop\.m2\repository\org\codehaus\plexus\plexus-interpolation\1.17\plexus-interpolation-1.17.jar;C:\Users\ual-laptop\.m2\repository\org\sonatype\plexus\plexus-sec-dispatcher\1.3\plexus-sec-dispatcher-1.3.jar;C:\Users\ual-laptop\.m2\repository\org\sonatype\plexus\plexus-cipher\1.4\plexus-cipher-1.4.jar;C:\Users\ual-laptop\.m2\repository\org\apache\maven\shared\maven-invoker\2.2\maven-invoker-2.2.jar;C:\Users\ual-laptop\.m2\repository\org\apache\commons\commons-lang3\3.7\commons-lang3-3.7.jar;C:\Users\ual-laptop\.m2\repository\commons-cli\commons-cli\1.2\commons-cli-1.2.jar;C:\Users\ual-laptop\.m2\repository\commons-io\commons-io\2.6\commons-io-2.6.jar;C:\Users\ual-laptop\.m2\repository\org\apache\maven\scm\maven-scm-provider-accurev\1.11.2\maven-scm-provider-accurev-1.11.2.jar;C:\Users\ual-laptop\.m2\repository\org\apache\maven\scm\maven-scm-provider-bazaar\1.11.2\maven-scm-provider-bazaar-1.11.2.jar;C:\Users\ual-laptop\.m2\repository\org\apache\maven\scm\maven-scm-provider-clearcase\1.11.2\maven-scm-provider-clearcase-1.11.2.jar;C:\Users\ual-laptop\.m2\repository\org\apache\maven\scm\maven-scm-provider-cvsexe\1.11.2\maven-scm-provider-cvsexe-1.11.2.jar;C:\Users\ual-laptop\.m2\repository\org\apache\maven\scm\maven-scm-provider-cvs-commons\1.11.2\maven-scm-provider-cvs-commons-1.11.2.jar;C:\Users\ual-laptop\.m2\repository\org\apache\maven\scm\maven-scm-provider-cvsjava\1.11.2\maven-scm-provider-cvsjava-1.11.2.jar;C:\Users\ual-laptop\.m2\repository\org\netbeans\lib\cvsclient\20060125\cvsclient-20060125.jar;C:\Users\ual-laptop\.m2\repository\ch\ethz\ganymed\ganymed-ssh2\build210\ganymed-ssh2-build210.jar;C:\Users\ual-laptop\.m2\repository\org\apache\maven\scm\maven-scm-provider-gitexe\1.11.2\maven-scm-provider-gitexe-1.11.2.jar;C:\Users\ual-laptop\.m2\repository\commons-lang\commons-lang\2.6\commons-lang-2.6.jar;C:\Users\ual-laptop\.m2\repository\org\apache\maven\scm\maven-scm-provider-git-commons\1.11.2\maven-scm-provider-git-commons-1.11.2.jar;C:\Users\ual-laptop\.m2\repository\org\apache\maven\scm\maven-scm-provider-jgit\1.11.2\maven-scm-provider-jgit-1.11.2.jar;C:\Users\ual-laptop\.m2\repository\org\eclipse\jgit\org.eclipse.jgit\4.5.4.201711221230-r\org.eclipse.jgit-4.5.4.201711221230-r.jar;C:\Users\ual-laptop\.m2\repository\com\jcraft\jsch\0.1.53\jsch-0.1.53.jar;C:\Users\ual-laptop\.m2\repository\com\googlecode\javaewah\JavaEWAH\0.7.9\JavaEWAH-0.7.9.jar;C:\Users\ual-laptop\.m2\repository\org\apache\httpcomponents\httpclient\4.3.6\httpclient-4.3.6.jar;C:\Users\ual-laptop\.m2\repository\org\apache\httpcomponents\httpcore\4.3.3\httpcore-4.3.3.jar;C:\Users\ual-laptop\.m2\repository\commons-codec\commons-codec\1.6\commons-codec-1.6.jar;C:\Users\ual-laptop\.m2\repository\org\apache\maven\scm\maven-scm-provider-hg\1.11.2\maven-scm-provider-hg-1.11.2.jar;C:\Users\ual-laptop\.m2\repository\org\apache\maven\scm\maven-scm-provider-perforce\1.11.2\maven-scm-provider-perforce-1.11.2.jar;C:\Users\ual-laptop\.m2\repository\org\apache\maven\scm\maven-scm-provider-starteam\1.11.2\maven-scm-provider-starteam-1.11.2.jar;C:\Users\ual-laptop\.m2\repository\org\apache\maven\scm\maven-scm-provider-svnexe\1.11.2\maven-scm-provider-svnexe-1.11.2.jar;C:\Users\ual-laptop\.m2\repository\org\apache\maven\scm\maven-scm-provider-synergy\1.11.2\maven-scm-provider-synergy-1.11.2.jar;C:\Users\ual-laptop\.m2\repository\org\apache\maven\scm\maven-scm-provider-vss\1.11.2\maven-scm-provider-vss-1.11.2.jar;C:\Users\ual-laptop\.m2\repository\org\apache\maven\scm\maven-scm-provider-tfs\1.11.2\maven-scm-provider-tfs-1.11.2.jar;C:\Users\ual-laptop\.m2\repository\org\apache\maven\scm\maven-scm-provider-integrity\1.11.2\maven-scm-provider-integrity-1.11.2.jar;C:\Users\ual-laptop\.m2\repository\com\mks\api\mksapi-jar\4.10.9049\mksapi-jar-4.10.9049.jar;C:\Users\ual-laptop\.m2\repository\org\codehaus\groovy\groovy-all\1.7.6\groovy-all-1.7.6.jar;C:\Users\ual-laptop\.m2\repository\org\apache\maven\scm\maven-scm-provider-jazz\1.11.2\maven-scm-provider-jazz-1.11.2.jar;C:\Users\ual-laptop\.m2\repository\org\apache\maven\scm\maven-scm-manager-plexus\1.8\maven-scm-manager-plexus-1.8.jar;C:\Users\ual-laptop\.m2\repository\org\codehaus\plexus\plexus-container-default\1.0-alpha-9\plexus-container-default-1.0-alpha-9.jar;C:\Users\ual-laptop\.m2\repository\classworlds\classworlds\1.1-alpha-2\classworlds-1.1-alpha-2.jar;C:\Users\ual-laptop\.m2\repository\org\apache\maven\scm\maven-scm-provider-svn-commons\1.11.2\maven-scm-provider-svn-commons-1.11.2.jar;C:\Users\ual-laptop\.m2\repository\org\apache\maven\shared\maven-artifact-transfer\0.13.1\maven-artifact-transfer-0.13.1.jar;C:\Users\ual-laptop\.m2\repository\org\apache\maven\shared\maven-common-artifact-filters\3.1.0\maven-common-artifact-filters-3.1.0.jar;C:\Users\ual-laptop\.m2\repository\org\apache\maven\shared\maven-shared-utils\3.1.0\maven-shared-utils-3.1.0.jar;C:\Users\ual-laptop\.m2\repository\org\slf4j\slf4j-api\1.7.5\slf4j-api-1.7.5.jar;C:\Users\ual-laptop\.m2\repository\org\apache\maven\maven-model\3.0\maven-model-3.0.jar;C:\Users\ual-laptop\.m2\repository\org\apache\maven\maven-core\3.0\maven-core-3.0.jar;C:\Users\ual-laptop\.m2\repository\org\apache\maven\maven-settings-builder\3.0\maven-settings-builder-3.0.jar;C:\Users\ual-laptop\.m2\repository\org\apache\maven\maven-repository-metadata\3.0\maven-repository-metadata-3.0.jar;C:\Users\ual-laptop\.m2\repository\org\apache\maven\maven-model-builder\3.0\maven-model-builder-3.0.jar;C:\Users\ual-laptop\.m2\repository\org\apache\maven\maven-aether-provider\3.0\maven-aether-provider-3.0.jar;C:\Users\ual-laptop\.m2\repository\org\sonatype\aether\aether-impl\1.7\aether-impl-1.7.jar;C:\Users\ual-laptop\.m2\repository\org\sonatype\aether\aether-spi\1.7\aether-spi-1.7.jar;C:\Users\ual-laptop\.m2\repository\org\sonatype\aether\aether-api\1.7\aether-api-1.7.jar;C:\Users\ual-laptop\.m2\repository\org\sonatype\aether\aether-util\1.7\aether-util-1.7.jar;C:\Users\ual-laptop\.m2\repository\org\codehaus\plexus\plexus-classworlds\2.2.3\plexus-classworlds-2.2.3.jar;C:\Users\ual-laptop\.m2\repository\org\codehaus\plexus\plexus-component-annotations\1.5.5\plexus-component-annotations-1.5.5.jar;C:\Users\ual-laptop\.m2\repository\org\apache\maven\maven-settings\3.0\maven-settings-3.0.jar;C:\Users\ual-laptop\.m2\repository\org\apache\maven\scm\maven-scm-api\1.11.2\maven-scm-api-1.11.2.jar;C:\Users\ual-laptop\.m2\repository\org\codehaus\plexus\plexus-utils\3.0.15\plexus-utils-3.0.15.jar;C:\Users\ual-laptop\.m2\repository\org\jdom\jdom2\2.0.6\jdom2-2.0.6.jar;C:\Users\ual-laptop\.m2\repository\avalon-framework\avalon-framework\4.1.5\avalon-framework-4.1.5.jar;C:\Users\ual-laptop\.m2\repository\junit\junit\4.12\junit-4.12.jar;C:\Users\ual-laptop\.m2\repository\org\hamcrest\hamcrest-core\1.3\hamcrest-core-1.3.jar;C:\Users\ual-laptop\.m2\repository\org\junit\jupiter\junit-jupiter\5.8.2\junit-jupiter-5.8.2.jar;C:\Users\ual-laptop\.m2\repository\org\junit\jupiter\junit-jupiter-api\5.8.2\junit-jupiter-api-5.8.2.jar;C:\Users\ual-laptop\.m2\repository\org\opentest4j\opentest4j\1.2.0\opentest4j-1.2.0.jar;C:\Users\ual-laptop\.m2\repository\org\junit\platform\junit-platform-commons\1.8.2\junit-platform-commons-1.8.2.jar;C:\Users\ual-laptop\.m2\repository\org\apiguardian\apiguardian-api\1.1.2\apiguardian-api-1.1.2.jar;C:\Users\ual-laptop\.m2\repository\org\junit\jupiter\junit-jupiter-params\5.8.2\junit-jupiter-params-5.8.2.jar;C:\Users\ual-laptop\.m2\repository\org\junit\jupiter\junit-jupiter-engine\5.8.2\junit-jupiter-engine-5.8.2.jar;C:\Users\ual-laptop\.m2\repository\org\junit\platform\junit-platform-engine\1.8.2\junit-platform-engine-1.8.2.jar;"/>
    <property name="java.vm.vendor" value="Eclipse Adoptium"/>
    <property name="sun.arch.data.model" value="64"/>
    <property name="user.variant" value=""/>
    <property name="java.vendor.url" value="https://adoptium.net/"/>
    <property name="user.timezone" value="America/Denver"/>
    <property name="os.name" value="Windows 10"/>
    <property name="java.vm.specification.version" value="17"/>
    <property name="sun.java.launcher" value="SUN_STANDARD"/>
    <property name="user.country" value="US"/>
    <property name="sun.boot.library.path" value="C:\Users\ual-laptop\.p2\pool\plugins\org.eclipse.justj.openjdk.hotspot.jre.full.win32.x86_64_17.0.6.v20230204-1729\jre\bin"/>
    <property name="sun.java.command" value="C:\Users\UAL-LA~1\AppData\Local\Temp\surefire16824508648311433821\surefirebooter11820069410756808940.jar C:\Users\ual-laptop\AppData\Local\Temp\surefire16824508648311433821 2023-08-09T14-51-17_561-jvmRun1 surefire5652903793322240082tmp surefire_015028591215940283894tmp"/>
    <property name="jdk.debug" value="release"/>
    <property name="surefire.test.class.path" value="C:\Users\ual-laptop\Desktop\Summer work\PDF_Fork\PDFLayoutTextStripper\target\test-classes;C:\Users\ual-laptop\Desktop\Summer work\PDF_Fork\PDFLayoutTextStripper\target\classes;C:\Users\ual-laptop\.m2\repository\org\apache\pdfbox\pdfbox\2.0.24\pdfbox-2.0.24.jar;C:\Users\ual-laptop\.m2\repository\org\apache\pdfbox\fontbox\2.0.24\fontbox-2.0.24.jar;C:\Users\ual-laptop\.m2\repository\commons-logging\commons-logging\1.2\commons-logging-1.2.jar;C:\Users\ual-laptop\.m2\repository\org\apache\maven\plugins\maven-release-plugin\3.0.0-M4\maven-release-plugin-3.0.0-M4.jar;C:\Users\ual-laptop\.m2\repository\org\apache\maven\maven-plugin-api\3.0\maven-plugin-api-3.0.jar;C:\Users\ual-laptop\.m2\repository\org\apache\maven\maven-artifact\3.0\maven-artifact-3.0.jar;C:\Users\ual-laptop\.m2\repository\org\sonatype\sisu\sisu-inject-plexus\1.4.2\sisu-inject-plexus-1.4.2.jar;C:\Users\ual-laptop\.m2\repository\org\sonatype\sisu\sisu-inject-bean\1.4.2\sisu-inject-bean-1.4.2.jar;C:\Users\ual-laptop\.m2\repository\org\sonatype\sisu\sisu-guice\2.1.7\sisu-guice-2.1.7-noaop.jar;C:\Users\ual-laptop\.m2\repository\org\apache\maven\release\maven-release-manager\3.0.0-M4\maven-release-manager-3.0.0-M4.jar;C:\Users\ual-laptop\.m2\repository\org\apache\maven\release\maven-release-api\3.0.0-M4\maven-release-api-3.0.0-M4.jar;C:\Users\ual-laptop\.m2\repository\org\codehaus\plexus\plexus-interactivity-api\1.0-alpha-6\plexus-interactivity-api-1.0-alpha-6.jar;C:\Users\ual-laptop\.m2\repository\org\codehaus\plexus\plexus-interpolation\1.17\plexus-interpolation-1.17.jar;C:\Users\ual-laptop\.m2\repository\org\sonatype\plexus\plexus-sec-dispatcher\1.3\plexus-sec-dispatcher-1.3.jar;C:\Users\ual-laptop\.m2\repository\org\sonatype\plexus\plexus-cipher\1.4\plexus-cipher-1.4.jar;C:\Users\ual-laptop\.m2\repository\org\apache\maven\shared\maven-invoker\2.2\maven-invoker-2.2.jar;C:\Users\ual-laptop\.m2\repository\org\apache\commons\commons-lang3\3.7\commons-lang3-3.7.jar;C:\Users\ual-laptop\.m2\repository\commons-cli\commons-cli\1.2\commons-cli-1.2.jar;C:\Users\ual-laptop\.m2\repository\commons-io\commons-io\2.6\commons-io-2.6.jar;C:\Users\ual-laptop\.m2\repository\org\apache\maven\scm\maven-scm-provider-accurev\1.11.2\maven-scm-provider-accurev-1.11.2.jar;C:\Users\ual-laptop\.m2\repository\org\apache\maven\scm\maven-scm-provider-bazaar\1.11.2\maven-scm-provider-bazaar-1.11.2.jar;C:\Users\ual-laptop\.m2\repository\org\apache\maven\scm\maven-scm-provider-clearcase\1.11.2\maven-scm-provider-clearcase-1.11.2.jar;C:\Users\ual-laptop\.m2\repository\org\apache\maven\scm\maven-scm-provider-cvsexe\1.11.2\maven-scm-provider-cvsexe-1.11.2.jar;C:\Users\ual-laptop\.m2\repository\org\apache\maven\scm\maven-scm-provider-cvs-commons\1.11.2\maven-scm-provider-cvs-commons-1.11.2.jar;C:\Users\ual-laptop\.m2\repository\org\apache\maven\scm\maven-scm-provider-cvsjava\1.11.2\maven-scm-provider-cvsjava-1.11.2.jar;C:\Users\ual-laptop\.m2\repository\org\netbeans\lib\cvsclient\20060125\cvsclient-20060125.jar;C:\Users\ual-laptop\.m2\repository\ch\ethz\ganymed\ganymed-ssh2\build210\ganymed-ssh2-build210.jar;C:\Users\ual-laptop\.m2\repository\org\apache\maven\scm\maven-scm-provider-gitexe\1.11.2\maven-scm-provider-gitexe-1.11.2.jar;C:\Users\ual-laptop\.m2\repository\commons-lang\commons-lang\2.6\commons-lang-2.6.jar;C:\Users\ual-laptop\.m2\repository\org\apache\maven\scm\maven-scm-provider-git-commons\1.11.2\maven-scm-provider-git-commons-1.11.2.jar;C:\Users\ual-laptop\.m2\repository\org\apache\maven\scm\maven-scm-provider-jgit\1.11.2\maven-scm-provider-jgit-1.11.2.jar;C:\Users\ual-laptop\.m2\repository\org\eclipse\jgit\org.eclipse.jgit\4.5.4.201711221230-r\org.eclipse.jgit-4.5.4.201711221230-r.jar;C:\Users\ual-laptop\.m2\repository\com\jcraft\jsch\0.1.53\jsch-0.1.53.jar;C:\Users\ual-laptop\.m2\repository\com\googlecode\javaewah\JavaEWAH\0.7.9\JavaEWAH-0.7.9.jar;C:\Users\ual-laptop\.m2\repository\org\apache\httpcomponents\httpclient\4.3.6\httpclient-4.3.6.jar;C:\Users\ual-laptop\.m2\repository\org\apache\httpcomponents\httpcore\4.3.3\httpcore-4.3.3.jar;C:\Users\ual-laptop\.m2\repository\commons-codec\commons-codec\1.6\commons-codec-1.6.jar;C:\Users\ual-laptop\.m2\repository\org\apache\maven\scm\maven-scm-provider-hg\1.11.2\maven-scm-provider-hg-1.11.2.jar;C:\Users\ual-laptop\.m2\repository\org\apache\maven\scm\maven-scm-provider-perforce\1.11.2\maven-scm-provider-perforce-1.11.2.jar;C:\Users\ual-laptop\.m2\repository\org\apache\maven\scm\maven-scm-provider-starteam\1.11.2\maven-scm-provider-starteam-1.11.2.jar;C:\Users\ual-laptop\.m2\repository\org\apache\maven\scm\maven-scm-provider-svnexe\1.11.2\maven-scm-provider-svnexe-1.11.2.jar;C:\Users\ual-laptop\.m2\repository\org\apache\maven\scm\maven-scm-provider-synergy\1.11.2\maven-scm-provider-synergy-1.11.2.jar;C:\Users\ual-laptop\.m2\repository\org\apache\maven\scm\maven-scm-provider-vss\1.11.2\maven-scm-provider-vss-1.11.2.jar;C:\Users\ual-laptop\.m2\repository\org\apache\maven\scm\maven-scm-provider-tfs\1.11.2\maven-scm-provider-tfs-1.11.2.jar;C:\Users\ual-laptop\.m2\repository\org\apache\maven\scm\maven-scm-provider-integrity\1.11.2\maven-scm-provider-integrity-1.11.2.jar;C:\Users\ual-laptop\.m2\repository\com\mks\api\mksapi-jar\4.10.9049\mksapi-jar-4.10.9049.jar;C:\Users\ual-laptop\.m2\repository\org\codehaus\groovy\groovy-all\1.7.6\groovy-all-1.7.6.jar;C:\Users\ual-laptop\.m2\repository\org\apache\maven\scm\maven-scm-provider-jazz\1.11.2\maven-scm-provider-jazz-1.11.2.jar;C:\Users\ual-laptop\.m2\repository\org\apache\maven\scm\maven-scm-manager-plexus\1.8\maven-scm-manager-plexus-1.8.jar;C:\Users\ual-laptop\.m2\repository\org\codehaus\plexus\plexus-container-default\1.0-alpha-9\plexus-container-default-1.0-alpha-9.jar;C:\Users\ual-laptop\.m2\repository\classworlds\classworlds\1.1-alpha-2\classworlds-1.1-alpha-2.jar;C:\Users\ual-laptop\.m2\repository\org\apache\maven\scm\maven-scm-provider-svn-commons\1.11.2\maven-scm-provider-svn-commons-1.11.2.jar;C:\Users\ual-laptop\.m2\repository\org\apache\maven\shared\maven-artifact-transfer\0.13.1\maven-artifact-transfer-0.13.1.jar;C:\Users\ual-laptop\.m2\repository\org\apache\maven\shared\maven-common-artifact-filters\3.1.0\maven-common-artifact-filters-3.1.0.jar;C:\Users\ual-laptop\.m2\repository\org\apache\maven\shared\maven-shared-utils\3.1.0\maven-shared-utils-3.1.0.jar;C:\Users\ual-laptop\.m2\repository\org\slf4j\slf4j-api\1.7.5\slf4j-api-1.7.5.jar;C:\Users\ual-laptop\.m2\repository\org\apache\maven\maven-model\3.0\maven-model-3.0.jar;C:\Users\ual-laptop\.m2\repository\org\apache\maven\maven-core\3.0\maven-core-3.0.jar;C:\Users\ual-laptop\.m2\repository\org\apache\maven\maven-settings-builder\3.0\maven-settings-builder-3.0.jar;C:\Users\ual-laptop\.m2\repository\org\apache\maven\maven-repository-metadata\3.0\maven-repository-metadata-3.0.jar;C:\Users\ual-laptop\.m2\repository\org\apache\maven\maven-model-builder\3.0\maven-model-builder-3.0.jar;C:\Users\ual-laptop\.m2\repository\org\apache\maven\maven-aether-provider\3.0\maven-aether-provider-3.0.jar;C:\Users\ual-laptop\.m2\repository\org\sonatype\aether\aether-impl\1.7\aether-impl-1.7.jar;C:\Users\ual-laptop\.m2\repository\org\sonatype\aether\aether-spi\1.7\aether-spi-1.7.jar;C:\Users\ual-laptop\.m2\repository\org\sonatype\aether\aether-api\1.7\aether-api-1.7.jar;C:\Users\ual-laptop\.m2\repository\org\sonatype\aether\aether-util\1.7\aether-util-1.7.jar;C:\Users\ual-laptop\.m2\repository\org\codehaus\plexus\plexus-classworlds\2.2.3\plexus-classworlds-2.2.3.jar;C:\Users\ual-laptop\.m2\repository\org\codehaus\plexus\plexus-component-annotations\1.5.5\plexus-component-annotations-1.5.5.jar;C:\Users\ual-laptop\.m2\repository\org\apache\maven\maven-settings\3.0\maven-settings-3.0.jar;C:\Users\ual-laptop\.m2\repository\org\apache\maven\scm\maven-scm-api\1.11.2\maven-scm-api-1.11.2.jar;C:\Users\ual-laptop\.m2\repository\org\codehaus\plexus\plexus-utils\3.0.15\plexus-utils-3.0.15.jar;C:\Users\ual-laptop\.m2\repository\org\jdom\jdom2\2.0.6\jdom2-2.0.6.jar;C:\Users\ual-laptop\.m2\repository\avalon-framework\avalon-framework\4.1.5\avalon-framework-4.1.5.jar;C:\Users\ual-laptop\.m2\repository\junit\junit\4.12\junit-4.12.jar;C:\Users\ual-laptop\.m2\repository\org\hamcrest\hamcrest-core\1.3\hamcrest-core-1.3.jar;C:\Users\ual-laptop\.m2\repository\org\junit\jupiter\junit-jupiter\5.8.2\junit-jupiter-5.8.2.jar;C:\Users\ual-laptop\.m2\repository\org\junit\jupiter\junit-jupiter-api\5.8.2\junit-jupiter-api-5.8.2.jar;C:\Users\ual-laptop\.m2\repository\org\opentest4j\opentest4j\1.2.0\opentest4j-1.2.0.jar;C:\Users\ual-laptop\.m2\repository\org\junit\platform\junit-platform-commons\1.8.2\junit-platform-commons-1.8.2.jar;C:\Users\ual-laptop\.m2\repository\org\apiguardian\apiguardian-api\1.1.2\apiguardian-api-1.1.2.jar;C:\Users\ual-laptop\.m2\repository\org\junit\jupiter\junit-jupiter-params\5.8.2\junit-jupiter-params-5.8.2.jar;C:\Users\ual-laptop\.m2\repository\org\junit\jupiter\junit-jupiter-engine\5.8.2\junit-jupiter-engine-5.8.2.jar;C:\Users\ual-laptop\.m2\repository\org\junit\platform\junit-platform-engine\1.8.2\junit-platform-engine-1.8.2.jar;"/>
    <property name="sun.cpu.endian" value="little"/>
    <property name="user.home" value="C:\Users\ual-laptop"/>
    <property name="user.language" value="en"/>
    <property name="java.specification.vendor" value="Oracle Corporation"/>
    <property name="java.version.date" value="2023-01-17"/>
    <property name="java.home" value="C:\Users\ual-laptop\.p2\pool\plugins\org.eclipse.justj.openjdk.hotspot.jre.full.win32.x86_64_17.0.6.v20230204-1729\jre"/>
    <property name="file.separator" value="\"/>
    <property name="style.color" value="always"/>
    <property name="basedir" value="C:\Users\ual-laptop\Desktop\Summer work\PDF_Fork\PDFLayoutTextStripper"/>
    <property name="java.vm.compressedOopsMode" value="32-bit"/>
    <property name="line.separator" value="&#10;"/>
    <property name="java.vm.specification.vendor" value="Oracle Corporation"/>
    <property name="java.specification.name" value="Java Platform API Specification"/>
    <property name="surefire.real.class.path" value="C:\Users\UAL-LA~1\AppData\Local\Temp\surefire16824508648311433821\surefirebooter11820069410756808940.jar"/>
    <property name="user.script" value=""/>
    <property name="sun.management.compiler" value="HotSpot 64-Bit Tiered Compilers"/>
    <property name="java.runtime.version" value="17.0.6+10"/>
    <property name="user.name" value="Laasya Nellore"/>
    <property name="path.separator" value=";"/>
    <property name="os.version" value="10.0"/>
    <property name="java.runtime.name" value="OpenJDK Runtime Environment"/>
    <property name="file.encoding" value="Cp1252"/>
    <property name="java.vm.name" value="OpenJDK 64-Bit Server VM"/>
    <property name="java.vendor.version" value="Temurin-17.0.6+10"/>
    <property name="localRepository" value="C:\Users\ual-laptop\.m2\repository"/>
    <property name="java.vendor.url.bug" value="https://github.com/adoptium/adoptium-support/issues"/>
    <property name="java.io.tmpdir" value="C:\Users\UAL-LA~1\AppData\Local\Temp\"/>
    <property name="java.version" value="17.0.6"/>
    <property name="user.dir" value="C:\Users\ual-laptop\Desktop\Summer work\PDF_Fork\PDFLayoutTextStripper"/>
    <property name="os.arch" value="amd64"/>
    <property name="java.vm.specification.name" value="Java Virtual Machine Specification"/>
    <property name="sun.os.patch.level" value=""/>
    <property name="native.encoding" value="Cp1252"/>
    <property name="java.library.path" value="C:\Users\ual-laptop\.p2\pool\plugins\org.eclipse.justj.openjdk.hotspot.jre.full.win32.x86_64_17.0.6.v20230204-1729\jre\bin;C:\windows\Sun\Java\bin;C:\windows\system32;C:\windows;C:/Users/ual-laptop/.p2/pool/plugins/org.eclipse.justj.openjdk.hotspot.jre.full.win32.x86_64_17.0.6.v20230204-1729/jre/bin/server;C:/Users/ual-laptop/.p2/pool/plugins/org.eclipse.justj.openjdk.hotspot.jre.full.win32.x86_64_17.0.6.v20230204-1729/jre/bin;C:\Program Files (x86)\Common Files\Oracle\Java\javapath;C:\Program Files\Eclipse Adoptium\jdk-17.0.7.7-hotspot\bin;C:\Users\ual-laptop\mvn\apache-maven-3.9.2-bin\apache-maven-3.9.2\bin;C:\Program Files\dotnet\;C:\Program Files\MySQL\MySQL Shell 8.0\bin\;C:\Users\ual-laptop\AppData\Local\Programs\Python\Python310\Scripts\;C:\Users\ual-laptop\AppData\Local\Programs\Python\Python310\;C:\Users\ual-laptop\AppData\Local\Microsoft\WindowsApps;C:\Program Files\JetBrains\PyCharm Community Edition 2022.2.2\bin;;C:\Program Files\Git\bin;C:\Users\ual-laptop\AppData\Local\Programs\Microsoft VS Code\bin;C:\Gradle\gradle-7.4.2-all\gradle-7.4.2\bin;;C:\windows\system32;;."/>
    <property name="java.vm.info" value="mixed mode"/>
    <property name="java.vendor" value="Eclipse Adoptium"/>
    <property name="java.vm.version" value="17.0.6+10"/>
    <property name="sun.io.unicode.encoding" value="UnicodeLittle"/>
    <property name="java.class.version" value="61.0"/>
  </properties>
  <testcase name="parseForm" classname="io.github.jonathanlink.PDFLayoutTextStripperTest" time="0.917"/>
  <testcase name="parseTable" classname="io.github.jonathanlink.PDFLayoutTextStripperTest" time="0.824"/>
  <testcase name="parseMystery" classname="io.github.jonathanlink.PDFLayoutTextStripperTest" time="0.042"/>
</testsuite>